<?xml version="1.0" encoding="UTF-8"?>
<!-- Generated by org.testng.reporters.JUnitXMLReporter -->
<testsuite hostname="Quantiphi-1070" ignored="0" name="Test" tests="28" failures="0" timestamp="2021-09-30T13:29:38 IST" time="20.685" errors="0">
  <testcase name="checkContentCoding" time="0.012" classname="com.testcases.TC001_Get_All_Users"/>
  <testcase name="checkContentType" time="0.002" classname="com.testcases.TC001_Get_All_Users"/>
  <testcase name="checkCookies" time="0.002" classname="com.testcases.TC001_Get_All_Users"/>
  <testcase name="checkResponseBody" time="0.033" classname="com.testcases.TC001_Get_All_Users"/>
  <testcase name="checkResponseTime" time="0.002" classname="com.testcases.TC001_Get_All_Users"/>
  <testcase name="checkServerType" time="0.001" classname="com.testcases.TC001_Get_All_Users"/>
  <testcase name="checkStatusCode" time="0.001" classname="com.testcases.TC001_Get_All_Users"/>
  <testcase name="checkStatusLine" time="0.002" classname="com.testcases.TC001_Get_All_Users"/>
  <testcase name="checkContentCoding" time="0.001" classname="com.testcases.TC002_Get_Single_User"/>
  <testcase name="checkContentType" time="0.001" classname="com.testcases.TC002_Get_Single_User"/>
  <testcase name="checkResponseBody" time="0.003" classname="com.testcases.TC002_Get_Single_User"/>
  <testcase name="checkServerType" time="0.002" classname="com.testcases.TC002_Get_Single_User"/>
  <testcase name="checkStatusCode" time="0.002" classname="com.testcases.TC002_Get_Single_User"/>
  <testcase name="checkStatusLine" time="0.001" classname="com.testcases.TC002_Get_Single_User"/>
  <testcase name="checkContentType" time="0.002" classname="com.testcases.TC003_POST_Create_New_User"/>
  <testcase name="checkResponseBody" time="0.002" classname="com.testcases.TC003_POST_Create_New_User"/>
  <testcase name="checkServerType" time="0.002" classname="com.testcases.TC003_POST_Create_New_User"/>
  <testcase name="checkStatusCode" time="0.002" classname="com.testcases.TC003_POST_Create_New_User"/>
  <testcase name="checkStatusLine" time="0.001" classname="com.testcases.TC003_POST_Create_New_User"/>
  <testcase name="checkContentCoding" time="0.0" classname="com.testcases.TC004_Update_User"/>
  <testcase name="checkContentType" time="0.0" classname="com.testcases.TC004_Update_User"/>
  <testcase name="checkResponseBody" time="0.0" classname="com.testcases.TC004_Update_User"/>
  <testcase name="checkServerType" time="0.0" classname="com.testcases.TC004_Update_User"/>
  <testcase name="checkStatusCode" time="0.0" classname="com.testcases.TC004_Update_User"/>
  <testcase name="checkStatusLine" time="0.0" classname="com.testcases.TC004_Update_User"/>
  <testcase name="checkServerType" time="0.002" classname="com.testcases.TC005_Delete_Created_User"/>
  <testcase name="checkStatusCode" time="0.002" classname="com.testcases.TC005_Delete_Created_User"/>
  <testcase name="checkStatusLine" time="0.001" classname="com.testcases.TC005_Delete_Created_User"/>
</testsuite> <!-- Test -->
