<?xml version="1.0" encoding="UTF-8"?>
<!-- Generated by org.testng.reporters.JUnitXMLReporter -->
<testsuite hostname="Quantiphi-1070" name="Default test" tests="3" failures="0" timestamp="28 Sep 2021 12:43:19 GMT" time="6.574" errors="0">
  <testcase name="checkServerType" time="0.021" classname="com.testcases.TC005_Delete_Created_User"/>
  <testcase name="checkStatusCode" time="0.002" classname="com.testcases.TC005_Delete_Created_User"/>
  <testcase name="checkStatusLine" time="0.003" classname="com.testcases.TC005_Delete_Created_User"/>
</testsuite> <!-- Default test -->
